<?xml version="1.0" encoding="UTF-8"?>
<!-- Generated by org.testng.reporters.JUnitReportReporter -->
<testsuite hostname="Infva07132" name="softpac.IndividualModification_ExcelExec" tests="2" failures="0" timestamp="29 Jun 2018 15:26:30 GMT" time="96.093" errors="0">
  <testcase name="testLogin" time="49.320" classname="softpac.IndividualModification_ExcelExec"/>
  <testcase name="testLogin" time="46.773" classname="softpac.IndividualModification_ExcelExec"/>
</testsuite> <!-- softpac.IndividualModification_ExcelExec -->
