<?xml version="1.0" encoding="UTF-8"?>
<!-- Generated by org.testng.reporters.JUnitReportReporter -->
<testsuite hostname="Infva07132" name="softpac.MemRegNI_ExcelExecutor" tests="2" failures="0" timestamp="29 Jun 2018 15:26:29 GMT" time="77.275" errors="0">
  <testcase name="testLogin" time="39.937" classname="softpac.MemRegNI_ExcelExecutor"/>
  <testcase name="testLogin" time="37.338" classname="softpac.MemRegNI_ExcelExecutor"/>
</testsuite> <!-- softpac.MemRegNI_ExcelExecutor -->
