<?xml version="1.0" encoding="UTF-8"?>
<!-- Generated by org.testng.reporters.JUnitReportReporter -->
<testsuite hostname="Infva07132" name="softpac.NonIndividualModification_ExelExec" tests="2" failures="0" timestamp="29 Jun 2018 15:26:30 GMT" time="43.431" errors="0">
  <testcase name="testLogin" time="21.139" classname="softpac.NonIndividualModification_ExelExec"/>
  <testcase name="testLogin" time="22.292" classname="softpac.NonIndividualModification_ExelExec"/>
</testsuite> <!-- softpac.NonIndividualModification_ExelExec -->
