<?xml version="1.0" encoding="UTF-8"?>
<!-- Generated by org.testng.reporters.JUnitReportReporter -->
<testsuite hostname="Infva07132" name="softpac.FD_Joint_Executor" tests="2" failures="0" timestamp="29 Jun 2018 15:26:29 GMT" time="35.746" errors="0">
  <testcase name="testLogin" time="19.619" classname="softpac.FD_Joint_Executor"/>
  <testcase name="testLogin" time="16.127" classname="softpac.FD_Joint_Executor"/>
</testsuite> <!-- softpac.FD_Joint_Executor -->
