<?xml version="1.0" encoding="UTF-8"?>
<!-- Generated by org.testng.reporters.JUnitReportReporter -->
<testsuite hostname="Infva07132" name="softpac.CloseFD_ExcelExecutor" tests="2" failures="0" timestamp="29 Jun 2018 18:12:03 GMT" time="49.011" errors="1">
  <testcase name="testLogin" time="24.412" classname="softpac.CloseFD_ExcelExecutor"/>
  <testcase name="testLogin" time="24.599" classname="softpac.CloseFD_ExcelExecutor">
    <error type="org.testng.TestNGException" message="
The data provider is trying to pass 2 parameters but the method softpac.CloseFD_ExcelExecutor#testLogin takes 4 and TestNG is unable in inject a suitable object">
      <![CDATA[org.testng.TestNGException: 
The data provider is trying to pass 2 parameters but the method softpac.CloseFD_ExcelExecutor#testLogin takes 4 and TestNG is unable in inject a suitable object
	at org.testng.internal.Invoker.injectParameters(Invoker.java:1249)
	at org.testng.internal.Invoker.invokeTestMethods(Invoker.java:1118)
	at org.testng.internal.TestMethodWorker.invokeTestMethods(TestMethodWorker.java:125)
	at org.testng.internal.TestMethodWorker.run(TestMethodWorker.java:108)
	at org.testng.TestRunner.privateRun(TestRunner.java:774)
	at org.testng.TestRunner.run(TestRunner.java:624)
	at org.testng.SuiteRunner.runTest(SuiteRunner.java:359)
	at org.testng.SuiteRunner.runSequentially(SuiteRunner.java:354)
	at org.testng.SuiteRunner.privateRun(SuiteRunner.java:312)
	at org.testng.SuiteRunner.run(SuiteRunner.java:261)
	at org.testng.SuiteRunnerWorker.runSuite(SuiteRunnerWorker.java:52)
	at org.testng.SuiteRunnerWorker.run(SuiteRunnerWorker.java:86)
	at org.testng.TestNG.runSuitesSequentially(TestNG.java:1215)
	at org.testng.TestNG.runSuitesLocally(TestNG.java:1140)
	at org.testng.TestNG.run(TestNG.java:1048)
	at org.testng.remote.AbstractRemoteTestNG.run(AbstractRemoteTestNG.java:114)
	at org.testng.remote.RemoteTestNG.initAndRun(RemoteTestNG.java:251)
	at org.testng.remote.RemoteTestNG.main(RemoteTestNG.java:77)
Caused by: java.lang.ArrayIndexOutOfBoundsException: 2
	at org.testng.internal.Invoker.injectParameters(Invoker.java:1245)
	... 17 more
]]>
    </error>
  </testcase> <!-- testLogin -->
</testsuite> <!-- softpac.CloseFD_ExcelExecutor -->
