<?xml version="1.0" encoding="UTF-8"?>
<!-- Generated by org.testng.reporters.JUnitReportReporter -->
<testsuite hostname="Infva07132" name="softpac.Registration_customerExecuter_individual" tests="2" failures="0" timestamp="29 Jun 2018 15:26:30 GMT" time="106.767" errors="0">
  <testcase name="testLogin" time="53.175" classname="softpac.Registration_customerExecuter_individual"/>
  <testcase name="testLogin" time="53.592" classname="softpac.Registration_customerExecuter_individual"/>
</testsuite> <!-- softpac.Registration_customerExecuter_individual -->
