<?xml version="1.0" encoding="UTF-8"?>
<!-- Generated by org.testng.reporters.JUnitReportReporter -->
<testsuite hostname="Infva07132" name="com.softpac.scripts.Driver" tests="1" failures="0" timestamp="28 Jun 2018 02:41:23 GMT" time="62.022" errors="0">
  <testcase name="testLogin" time="62.022" classname="com.softpac.scripts.Driver"/>
</testsuite> <!-- com.softpac.scripts.Driver -->
