<?xml version="1.0" encoding="UTF-8"?>
<!-- Generated by org.testng.reporters.JUnitReportReporter -->
<testsuite hostname="Infva07132" name="softpac.Registration_MemberExecuter_individual" tests="1" failures="0" timestamp="29 Jun 2018 18:34:09 GMT" time="70.722" errors="0">
  <testcase name="testLogin" time="70.722" classname="softpac.Registration_MemberExecuter_individual"/>
</testsuite> <!-- softpac.Registration_MemberExecuter_individual -->
