<?xml version="1.0" encoding="UTF-8"?>
<!-- Generated by org.testng.reporters.JUnitReportReporter -->
<testsuite hostname="Infva07132" name="softpac.FD_Single_Executor" tests="2" failures="0" timestamp="29 Jun 2018 15:26:30 GMT" time="32.175" errors="0">
  <testcase name="testLogin" time="16.285" classname="softpac.FD_Single_Executor"/>
  <testcase name="testLogin" time="15.890" classname="softpac.FD_Single_Executor"/>
</testsuite> <!-- softpac.FD_Single_Executor -->
