<?xml version="1.0" encoding="UTF-8"?>
<!-- Generated by org.testng.reporters.JUnitReportReporter -->
<testsuite hostname="Infva07132" name="softpac.MemRegNI_Joint_ExcelExecutor" tests="2" failures="0" timestamp="29 Jun 2018 15:33:03 GMT" time="192.112" errors="0">
  <testcase name="testLogin" time="96.296" classname="softpac.MemRegNI_Joint_ExcelExecutor"/>
  <testcase name="testLogin" time="95.816" classname="softpac.MemRegNI_Joint_ExcelExecutor"/>
</testsuite> <!-- softpac.MemRegNI_Joint_ExcelExecutor -->
